<?xml version="1.0" encoding="UTF-8"?>
<!-- Generated by org.testng.reporters.JUnitXMLReporter -->
<testsuite hostname="DESKTOP-CQQ66HC" ignored="0" name="Test2" tests="1" failures="1" timestamp="2020-12-18T19:48:29 IST" time="0.019" errors="0">
  <testcase name="TC" time="0.0" classname="TestNG.MultiBrowserTesting">
    <failure type="org.testng.TestNGException" message="
Parameter &amp;apos;browser&amp;apos; is required by @Test on method TC but has not been marked @Optional or defined
in C:\Users\Lenovo\eclipse-workspace\Section 3\Multibrowsertesting.xml">
      <![CDATA[org.testng.TestNGException: 
Parameter 'browser' is required by @Test on method TC but has not been marked @Optional or defined
in C:\Users\Lenovo\eclipse-workspace\Section 3\Multibrowsertesting.xml
at java.util.ArrayList.forEach(Unknown Source)
... Removed 26 stack frames]]>
    </failure>
  </testcase> <!-- TC -->
</testsuite> <!-- Test2 -->
